Build started 2016/3/26 20:12:39.
     1>Project "C:\Users\qy\Documents\Visual Studio 2010\Projects\qyinject\qyinject\qyinject.vcxproj" on node 2 (build target(s)).
     1>InitializeBuildStatus:
         Creating "Debug\qyinject.unsuccessfulbuild" because "AlwaysCreate" was specified.
       ClCompile:
         All outputs are up-to-date.
         F:\Program Files (x86)\Microsoft Visual Studio 10.0\VC\bin\CL.exe /c /ZI /nologo /W3 /WX- /Od /Oy- /D WIN32 /D _DEBUG /D _CONSOLE /D _UNICODE /D UNICODE /Gm /EHsc /RTC1 /MDd /GS /fp:precise /Zc:wchar_t /Zc:forScope /Yu"StdAfx.h" /Fp"Debug\qyinject.pch" /Fo"Debug\\" /Fd"Debug\vc100.pdb" /Gd /TP /analyze- /errorReport:prompt qyinject.cpp
         qyinject.cpp
     1>c:\users\qy\documents\visual studio 2010\projects\qyinject\qyinject\qyinject.cpp(126): warning C4996: 'wcscpy': This function or variable may be unsafe. Consider using wcscpy_s instead. To disable deprecation, use _CRT_SECURE_NO_WARNINGS. See online help for details.
                 f:\program files (x86)\microsoft visual studio 10.0\vc\include\wchar.h(988) : see declaration of 'wcscpy'
     1>c:\users\qy\documents\visual studio 2010\projects\qyinject\qyinject\qyinject.cpp(127): warning C4996: 'strcpy': This function or variable may be unsafe. Consider using strcpy_s instead. To disable deprecation, use _CRT_SECURE_NO_WARNINGS. See online help for details.
                 f:\program files (x86)\microsoft visual studio 10.0\vc\include\string.h(105) : see declaration of 'strcpy'
       ManifestResourceCompile:
         All outputs are up-to-date.
       Link:
         F:\Program Files (x86)\Microsoft Visual Studio 10.0\VC\bin\link.exe /ERRORREPORT:PROMPT /OUT:"C:\Users\qy\Documents\Visual Studio 2010\Projects\qyinject\Debug\qyinject.exe" /INCREMENTAL /NOLOGO kernel32.lib user32.lib gdi32.lib winspool.lib comdlg32.lib advapi32.lib shell32.lib ole32.lib oleaut32.lib uuid.lib odbc32.lib odbccp32.lib /MANIFEST /ManifestFile:"Debug\qyinject.exe.intermediate.manifest" /MANIFESTUAC:"level='asInvoker' uiAccess='false'" /DEBUG /PDB:"C:\Users\qy\Documents\Visual Studio 2010\Projects\qyinject\Debug\qyinject.pdb" /SUBSYSTEM:CONSOLE /TLBID:1 /DYNAMICBASE /NXCOMPAT /IMPLIB:"C:\Users\qy\Documents\Visual Studio 2010\Projects\qyinject\Debug\qyinject.lib" /MACHINE:X86 Debug\qyinject.exe.embed.manifest.res
         Debug\ProcessId.obj
         Debug\qyinject.obj
         Debug\stdafx.obj
       Manifest:
         C:\Program Files (x86)\Microsoft SDKs\Windows\v7.0A\bin\mt.exe /nologo /verbose /out:"Debug\qyinject.exe.embed.manifest" /manifest Debug\qyinject.exe.intermediate.manifest
         All outputs are up-to-date.
       LinkEmbedManifest:
         All outputs are up-to-date.
         qyinject.vcxproj -> C:\Users\qy\Documents\Visual Studio 2010\Projects\qyinject\Debug\qyinject.exe
       FinalizeBuildStatus:
         Deleting file "Debug\qyinject.unsuccessfulbuild".
         Touching "Debug\qyinject.lastbuildstate".
     1>Done Building Project "C:\Users\qy\Documents\Visual Studio 2010\Projects\qyinject\qyinject\qyinject.vcxproj" (build target(s)).

Build succeeded.

Time Elapsed 00:00:01.08
